
  You can now view your Streamlit app in your browser.

  Local URL: http://localhost:8501
  Network URL: http://192.168.100.24:8501
  External URL: http://105.107.84.173:8501

[31m──[0m[31m────────────────────────[0m[31m [0m[1;31mTraceback [0m[1;2;31m(most recent call last)[0m[31m [0m[31m─────────────────────────[0m[31m──[0m
[31m [0m [2m/home/mersel/Documents/Projects/Weather/.venv/lib/python3.9/site-packages/streamlit/[0m [31m [0m
[31m [0m [2mruntime/scriptrunner/[0m[1mexec_code.py[0m:128 in exec_func_with_error_handling               [31m [0m
[31m [0m                                                                                      [31m [0m
[31m [0m [2m/home/mersel/Documents/Projects/Weather/.venv/lib/python3.9/site-packages/streamlit/[0m [31m [0m
[31m [0m [2mruntime/scriptrunner/[0m[1mscript_runner.py[0m:669 in code_to_exec                            [31m [0m
[31m [0m                                                                                      [31m [0m
[31m [0m [2m/home/mersel/Documents/Projects/Weather/[0m[1mmain.py[0m:8 in <module>                        [31m [0m
[31m [0m                                                                                      [31m [0m
[31m [0m   [2m 5 [0m                                                                                [31m [0m
[31m [0m   [2m 6 [0m[94mimport[0m[90m [0m[4;96mstreamlit[0m[90m [0m[94mas[0m[90m [0m[4;96mst[0m                                                          [31m [0m
[31m [0m   [2m 7 [0m[94mfrom[0m[90m [0m[4;96mconfig[0m[4;96m.[0m[4;96msettings[0m[90m [0m[94mimport[0m init_page_config                                    [31m [0m
[31m [0m [31m❱ [0m 8 [94mfrom[0m[90m [0m[4;96mui[0m[4;96m.[0m[4;96mdashboard[0m[90m [0m[94mimport[0m render_dashboard                                       [31m [0m
[31m [0m   [2m 9 [0m                                                                                [31m [0m
[31m [0m   [2m10 [0m[94mdef[0m[90m [0m[92mmain[0m():                                                                     [31m [0m
[31m [0m   [2m11 [0m[2;90m│   [0m[33m"""Run the application."""[0m                                                  [31m [0m
[31m [0m                                                                                      [31m [0m
[31m [0m [2m/home/mersel/Documents/Projects/Weather/ui/[0m[1mdashboard.py[0m:23 in <module>               [31m [0m
[31m [0m                                                                                      [31m [0m
[31m [0m   [2m 20 [0m[2m│   [0mcalculate_region_forecasts                                                 [31m [0m
[31m [0m   [2m 21 [0m)                                                                              [31m [0m
[31m [0m   [2m 22 [0m[94mfrom[0m[90m [0m[4;96mui[0m[4;96m.[0m[4;96mcharts[0m[90m [0m[94mimport[0m create_monthly_chart_data                                [31m [0m
[31m [0m [31m❱ [0m 23 [94mfrom[0m[90m [0m[4;96mui[0m[4;96m.[0m[4;96mfault_detection_page[0m[90m [0m[94mimport[0m render_fault_detection_page                [31m [0m
[31m [0m   [2m 24 [0m[94mfrom[0m[90m [0m[4;96mcore[0m[4;96m.[0m[4;96msimulation[0m[4;96m.[0m[4;96mgenerator[0m[90m [0m[94mimport[0m SolarDataGenerator, WindDataGenerator    [31m [0m
[31m [0m   [2m 25 [0m                                                                               [31m [0m
[31m [0m   [2m 26 [0m[2m# API URL[0m                                                                      [31m [0m
[31m [0m                                                                                      [31m [0m
[31m [0m [2m/home/mersel/Documents/Projects/Weather/ui/[0m[1mfault_detection_page.py[0m:20 in <module>    [31m [0m
[31m [0m                                                                                      [31m [0m
[31m [0m   [2m 17 [0m[2m│   [0mCUSTOM_CSS,                                                                [31m [0m
[31m [0m   [2m 18 [0m[2m│   [0mCOLORS                                                                     [31m [0m
[31m [0m   [2m 19 [0m)                                                                              [31m [0m
[31m [0m [31m❱ [0m 20 [94mfrom[0m[90m [0m[4;96mui[0m[4;96m.[0m[4;96mlib[0m[4;96m.[0m[4;96mfault_detection[0m[4;96m.[0m[4;96mcomponents[0m[90m [0m[94mimport[0m (                                [31m [0m
[31m [0m   [2m 21 [0m[2m│   [0mGaugeComponent,                                                            [31m [0m
[31m [0m   [2m 22 [0m[2m│   [0mVisualizationComponent,                                                    [31m [0m
[31m [0m   [2m 23 [0m[2m│   [0mDigitalTwinComponent,                                                      [31m [0m
[31m [0m                                                                                      [31m [0m
[31m [0m [2m/home/mersel/Documents/Projects/Weather/ui/lib/fault_detection/components/[0m[1m__init__.p[0m [31m [0m
[31m [0m [1my[0m:1 in <module>                                                                      [31m [0m
[31m [0m                                                                                      [31m [0m
[31m [0m [31m❱ [0m 1 [94mfrom[0m[90m [0m[4;96m.[0m[4;96mgauges[0m[90m [0m[94mimport[0m GaugeComponent                                              [31m [0m
[31m [0m   [2m 2 [0m[94mfrom[0m[90m [0m[4;96m.[0m[4;96mplots[0m[90m [0m[94mimport[0m VisualizationComponent                                       [31m [0m
[31m [0m   [2m 3 [0m[94mfrom[0m[90m [0m[4;96m.[0m[4;96mdigital_twin[0m[90m [0m[94mimport[0m DigitalTwinComponent                                  [31m [0m
[31m [0m   [2m 4 [0m[94mfrom[0m[90m [0m[4;96m.[0m[4;96manalysis[0m[90m [0m[94mimport[0m AnalysisComponent                                         [31m [0m
[31m [0m                                                                                      [31m [0m
[31m [0m [2m/home/mersel/Documents/Projects/Weather/ui/lib/fault_detection/components/[0m[1mgauges.py[0m: [31m [0m
[31m [0m 5 in <module>                                                                        [31m [0m
[31m [0m                                                                                      [31m [0m
[31m [0m   [2m 2 [0m[94mimport[0m[90m [0m[4;96mplotly[0m[4;96m.[0m[4;96mgraph_objects[0m[90m [0m[94mas[0m[90m [0m[4;96mgo[0m                                               [31m [0m
[31m [0m   [2m 3 [0m[94mfrom[0m[90m [0m[4;96m.[0m[4;96m.[0m[4;96mconstants[0m[90m [0m[94mimport[0m COLORS, FAULT_COLORS, FAULT_ICONS                       [31m [0m
[31m [0m   [2m 4 [0m                                                                                [31m [0m
[31m [0m [31m❱ [0m 5 [94mclass[0m[90m [0m[4;92mGaugeComponent[0m:                                                           [31m [0m
[31m [0m   [2m 6 [0m[2;90m│   [0m[33m"""[0m                                                                         [31m [0m
[31m [0m   [2m 7 [0m[2;33m│   [0m[33mRenders styled metric cards and speedometer gauges.[0m                         [31m [0m
[31m [0m   [2m 8 [0m[2;33m│   [0m[33m"""[0m                                                                         [31m [0m
[31m [0m                                                                                      [31m [0m
[31m [0m [2m/home/mersel/Documents/Projects/Weather/ui/lib/fault_detection/components/[0m[1mgauges.py[0m: [31m [0m
[31m [0m 11 in GaugeComponent                                                                 [31m [0m
[31m [0m                                                                                      [31m [0m
[31m [0m   [2m 8 [0m[2;33m│   [0m[33m"""[0m                                                                         [31m [0m
[31m [0m   [2m 9 [0m[2m│   [0m                                                                            [31m [0m
[31m [0m   [2m10 [0m[2m│   [0m[1;95m@staticmethod[0m                                                               [31m [0m
[31m [0m [31m❱ [0m11 [2m│   [0m[94mdef[0m[90m [0m[92mrender_metric_card[0m(label: [96mstr[0m, value: Any, unit: [96mstr[0m, color: [96mstr[0m):      [31m [0m
[31m [0m   [2m12 [0m[2;90m│   │   [0m[33m"""Render a styled metric card with a color gradient."""[0m                [31m [0m
[31m [0m   [2m13 [0m[2m│   │   [0mst.markdown([33mf[0m[33m"""[0m                                                        [31m [0m
[31m [0m   [2m14 [0m[2;33m│   │   [0m[33m<div class=[0m[33m"[0m[33mmetric-card[0m[33m"[0m[33m>[0m                                               [31m [0m
[31m────────────────────────────────────────────────────────────────────────────────────────[0m
[1;91mNameError: [0mname [32m'Any'[0m is not defined
[31m──[0m[31m────────────────────────[0m[31m [0m[1;31mTraceback [0m[1;2;31m(most recent call last)[0m[31m [0m[31m─────────────────────────[0m[31m──[0m
[31m [0m [2m/home/mersel/Documents/Projects/Weather/.venv/lib/python3.9/site-packages/streamlit/[0m [31m [0m
[31m [0m [2mruntime/scriptrunner/[0m[1mexec_code.py[0m:128 in exec_func_with_error_handling               [31m [0m
[31m [0m                                                                                      [31m [0m
[31m [0m [2m/home/mersel/Documents/Projects/Weather/.venv/lib/python3.9/site-packages/streamlit/[0m [31m [0m
[31m [0m [2mruntime/scriptrunner/[0m[1mscript_runner.py[0m:669 in code_to_exec                            [31m [0m
[31m [0m                                                                                      [31m [0m
[31m [0m [2m/home/mersel/Documents/Projects/Weather/[0m[1mmain.py[0m:16 in <module>                       [31m [0m
[31m [0m                                                                                      [31m [0m
[31m [0m   [2m13 [0m[2m│   [0mrender_dashboard()                                                          [31m [0m
[31m [0m   [2m14 [0m                                                                                [31m [0m
[31m [0m   [2m15 [0m[94mif[0m [91m__name__[0m == [33m"[0m[33m__main__[0m[33m"[0m:                                                      [31m [0m
[31m [0m [31m❱ [0m16 [2m│   [0mmain()                                                                      [31m [0m
[31m [0m   [2m17 [0m                                                                                [31m [0m
[31m [0m                                                                                      [31m [0m
[31m [0m [2m/home/mersel/Documents/Projects/Weather/[0m[1mmain.py[0m:13 in main                           [31m [0m
[31m [0m                                                                                      [31m [0m
[31m [0m   [2m10 [0m[94mdef[0m[90m [0m[92mmain[0m():                                                                     [31m [0m
[31m [0m   [2m11 [0m[2;90m│   [0m[33m"""Run the application."""[0m                                                  [31m [0m
[31m [0m   [2m12 [0m[2m│   [0minit_page_config()                                                          [31m [0m
[31m [0m [31m❱ [0m13 [2m│   [0mrender_dashboard()                                                          [31m [0m
[31m [0m   [2m14 [0m                                                                                [31m [0m
[31m [0m   [2m15 [0m[94mif[0m [91m__name__[0m == [33m"[0m[33m__main__[0m[33m"[0m:                                                      [31m [0m
[31m [0m   [2m16 [0m[2m│   [0mmain()                                                                      [31m [0m
[31m [0m                                                                                      [31m [0m
[31m [0m [2m/home/mersel/Documents/Projects/Weather/ui/[0m[1mdashboard.py[0m:109 in render_dashboard      [31m [0m
[31m [0m                                                                                      [31m [0m
[31m [0m   [2m106 [0m[2m│   [0m[94melif[0m page == [33m"[0m[33mWind AI Simulator[0m[33m"[0m:                                          [31m [0m
[31m [0m   [2m107 [0m[2m│   │   [0mrender_wind_simulation_page()                                          [31m [0m
[31m [0m   [2m108 [0m[2m│   [0m[94melse[0m:                                                                      [31m [0m
[31m [0m [31m❱ [0m109 [2m│   │   [0mrender_fault_detection_page()                                          [31m [0m
[31m [0m   [2m110 [0m                                                                               [31m [0m
[31m [0m   [2m111 [0m                                                                               [31m [0m
[31m [0m   [2m112 [0m[94mdef[0m[90m [0m[92mrender_map_page[0m():                                                         [31m [0m
[31m [0m                                                                                      [31m [0m
[31m [0m [2m/home/mersel/Documents/Projects/Weather/ui/[0m[1mfault_detection_page.py[0m:151 in            [31m [0m
[31m [0m render_fault_detection_page                                                          [31m [0m
[31m [0m                                                                                      [31m [0m
[31m [0m   [2m148 [0m[2m│   │   [0m[94mfor[0m f [95min[0m factories:                                                    [31m [0m
[31m [0m   [2m149 [0m[2m│   │   │   [0mnode_status[f[[33m"[0m[33mfactory_id[0m[33m"[0m]] = {                                   [31m [0m
[31m [0m   [2m150 [0m[2m│   │   │   │   [0m[33m"[0m[33mvoltage[0m[33m"[0m: f[[33m"[0m[33mbattery[0m[33m"[0m][[33m"[0m[33mvoltage[0m[33m"[0m],                            [31m [0m
[31m [0m [31m❱ [0m151 [2m│   │   │   │   [0m[33m"[0m[33mstatus[0m[33m"[0m: f[[33m"[0m[33mfault[0m[33m"[0m][[33m"[0m[33mclass[0m[33m"[0m]                                  [31m [0m
[31m [0m   [2m152 [0m[2m│   │   │   [0m}                                                                  [31m [0m
[31m [0m   [2m153 [0m[2m│   │   │   [0m[2m# For factories, their internal nodes are also monitored by the en[0m [31m [0m
[31m [0m   [2m154 [0m[2m│   │   │   [0m[2m# mapping them to the main status[0m                                  [31m [0m
[31m────────────────────────────────────────────────────────────────────────────────────────[0m
[1;91mKeyError: [0m[32m'class'[0m
[31m──[0m[31m────────────────────────[0m[31m [0m[1;31mTraceback [0m[1;2;31m(most recent call last)[0m[31m [0m[31m─────────────────────────[0m[31m──[0m
[31m [0m [2m/home/mersel/Documents/Projects/Weather/.venv/lib/python3.9/site-packages/streamlit/[0m [31m [0m
[31m [0m [2mruntime/scriptrunner/[0m[1mexec_code.py[0m:128 in exec_func_with_error_handling               [31m [0m
[31m [0m                                                                                      [31m [0m
[31m [0m [2m/home/mersel/Documents/Projects/Weather/.venv/lib/python3.9/site-packages/streamlit/[0m [31m [0m
[31m [0m [2mruntime/scriptrunner/[0m[1mscript_runner.py[0m:669 in code_to_exec                            [31m [0m
[31m [0m                                                                                      [31m [0m
[31m [0m [2m/home/mersel/Documents/Projects/Weather/[0m[1mmain.py[0m:16 in <module>                       [31m [0m
[31m [0m                                                                                      [31m [0m
[31m [0m   [2m13 [0m[2m│   [0mrender_dashboard()                                                          [31m [0m
[31m [0m   [2m14 [0m                                                                                [31m [0m
[31m [0m   [2m15 [0m[94mif[0m [91m__name__[0m == [33m"[0m[33m__main__[0m[33m"[0m:                                                      [31m [0m
[31m [0m [31m❱ [0m16 [2m│   [0mmain()                                                                      [31m [0m
[31m [0m   [2m17 [0m                                                                                [31m [0m
[31m [0m                                                                                      [31m [0m
[31m [0m [2m/home/mersel/Documents/Projects/Weather/[0m[1mmain.py[0m:13 in main                           [31m [0m
[31m [0m                                                                                      [31m [0m
[31m [0m   [2m10 [0m[94mdef[0m[90m [0m[92mmain[0m():                                                                     [31m [0m
[31m [0m   [2m11 [0m[2;90m│   [0m[33m"""Run the application."""[0m                                                  [31m [0m
[31m [0m   [2m12 [0m[2m│   [0minit_page_config()                                                          [31m [0m
[31m [0m [31m❱ [0m13 [2m│   [0mrender_dashboard()                                                          [31m [0m
[31m [0m   [2m14 [0m                                                                                [31m [0m
[31m [0m   [2m15 [0m[94mif[0m [91m__name__[0m == [33m"[0m[33m__main__[0m[33m"[0m:                                                      [31m [0m
[31m [0m   [2m16 [0m[2m│   [0mmain()                                                                      [31m [0m
[31m [0m                                                                                      [31m [0m
[31m [0m [2m/home/mersel/Documents/Projects/Weather/ui/[0m[1mdashboard.py[0m:109 in render_dashboard      [31m [0m
[31m [0m                                                                                      [31m [0m
[31m [0m   [2m106 [0m[2m│   [0m[94melif[0m page == [33m"[0m[33mWind AI Simulator[0m[33m"[0m:                                          [31m [0m
[31m [0m   [2m107 [0m[2m│   │   [0mrender_wind_simulation_page()                                          [31m [0m
[31m [0m   [2m108 [0m[2m│   [0m[94melse[0m:                                                                      [31m [0m
[31m [0m [31m❱ [0m109 [2m│   │   [0mrender_fault_detection_page()                                          [31m [0m
[31m [0m   [2m110 [0m                                                                               [31m [0m
[31m [0m   [2m111 [0m                                                                               [31m [0m
[31m [0m   [2m112 [0m[94mdef[0m[90m [0m[92mrender_map_page[0m():                                                         [31m [0m
[31m [0m                                                                                      [31m [0m
[31m [0m [2m/home/mersel/Documents/Projects/Weather/ui/[0m[1mfault_detection_page.py[0m:151 in            [31m [0m
[31m [0m render_fault_detection_page                                                          [31m [0m
[31m [0m                                                                                      [31m [0m
[31m [0m   [2m148 [0m[2m│   │   [0m[94mfor[0m f [95min[0m factories:                                                    [31m [0m
[31m [0m   [2m149 [0m[2m│   │   │   [0mnode_status[f[[33m"[0m[33mfactory_id[0m[33m"[0m]] = {                                   [31m [0m
[31m [0m   [2m150 [0m[2m│   │   │   │   [0m[33m"[0m[33mvoltage[0m[33m"[0m: f[[33m"[0m[33mbattery[0m[33m"[0m][[33m"[0m[33mvoltage[0m[33m"[0m],                            [31m [0m
[31m [0m [31m❱ [0m151 [2m│   │   │   │   [0m[33m"[0m[33mstatus[0m[33m"[0m: f[[33m"[0m[33mfault[0m[33m"[0m][[33m"[0m[33mclass[0m[33m"[0m]                                  [31m [0m
[31m [0m   [2m152 [0m[2m│   │   │   [0m}                                                                  [31m [0m
[31m [0m   [2m153 [0m[2m│   │   │   [0m[2m# For factories, their internal nodes are also monitored by the en[0m [31m [0m
[31m [0m   [2m154 [0m[2m│   │   │   [0m[2m# mapping them to the main status[0m                                  [31m [0m
[31m────────────────────────────────────────────────────────────────────────────────────────[0m
[1;91mKeyError: [0m[32m'class'[0m
[31m──[0m[31m────────────────────────[0m[31m [0m[1;31mTraceback [0m[1;2;31m(most recent call last)[0m[31m [0m[31m─────────────────────────[0m[31m──[0m
[31m [0m [2m/home/mersel/Documents/Projects/Weather/.venv/lib/python3.9/site-packages/streamlit/[0m [31m [0m
[31m [0m [2mruntime/scriptrunner/[0m[1mexec_code.py[0m:128 in exec_func_with_error_handling               [31m [0m
[31m [0m                                                                                      [31m [0m
[31m [0m [2m/home/mersel/Documents/Projects/Weather/.venv/lib/python3.9/site-packages/streamlit/[0m [31m [0m
[31m [0m [2mruntime/scriptrunner/[0m[1mscript_runner.py[0m:669 in code_to_exec                            [31m [0m
[31m [0m                                                                                      [31m [0m
[31m [0m [2m/home/mersel/Documents/Projects/Weather/[0m[1mmain.py[0m:16 in <module>                       [31m [0m
[31m [0m                                                                                      [31m [0m
[31m [0m   [2m13 [0m[2m│   [0mrender_dashboard()                                                          [31m [0m
[31m [0m   [2m14 [0m                                                                                [31m [0m
[31m [0m   [2m15 [0m[94mif[0m [91m__name__[0m == [33m"[0m[33m__main__[0m[33m"[0m:                                                      [31m [0m
[31m [0m [31m❱ [0m16 [2m│   [0mmain()                                                                      [31m [0m
[31m [0m   [2m17 [0m                                                                                [31m [0m
[31m [0m                                                                                      [31m [0m
[31m [0m [2m/home/mersel/Documents/Projects/Weather/[0m[1mmain.py[0m:13 in main                           [31m [0m
[31m [0m                                                                                      [31m [0m
[31m [0m   [2m10 [0m[94mdef[0m[90m [0m[92mmain[0m():                                                                     [31m [0m
[31m [0m   [2m11 [0m[2;90m│   [0m[33m"""Run the application."""[0m                                                  [31m [0m
[31m [0m   [2m12 [0m[2m│   [0minit_page_config()                                                          [31m [0m
[31m [0m [31m❱ [0m13 [2m│   [0mrender_dashboard()                                                          [31m [0m
[31m [0m   [2m14 [0m                                                                                [31m [0m
[31m [0m   [2m15 [0m[94mif[0m [91m__name__[0m == [33m"[0m[33m__main__[0m[33m"[0m:                                                      [31m [0m
[31m [0m   [2m16 [0m[2m│   [0mmain()                                                                      [31m [0m
[31m [0m                                                                                      [31m [0m
[31m [0m [2m/home/mersel/Documents/Projects/Weather/ui/[0m[1mdashboard.py[0m:109 in render_dashboard      [31m [0m
[31m [0m                                                                                      [31m [0m
[31m [0m   [2m106 [0m[2m│   [0m[94melif[0m page == [33m"[0m[33mWind AI Simulator[0m[33m"[0m:                                          [31m [0m
[31m [0m   [2m107 [0m[2m│   │   [0mrender_wind_simulation_page()                                          [31m [0m
[31m [0m   [2m108 [0m[2m│   [0m[94melse[0m:                                                                      [31m [0m
[31m [0m [31m❱ [0m109 [2m│   │   [0mrender_fault_detection_page()                                          [31m [0m
[31m [0m   [2m110 [0m                                                                               [31m [0m
[31m [0m   [2m111 [0m                                                                               [31m [0m
[31m [0m   [2m112 [0m[94mdef[0m[90m [0m[92mrender_map_page[0m():                                                         [31m [0m
[31m [0m                                                                                      [31m [0m
[31m [0m [2m/home/mersel/Documents/Projects/Weather/ui/[0m[1mfault_detection_page.py[0m:151 in            [31m [0m
[31m [0m render_fault_detection_page                                                          [31m [0m
[31m [0m                                                                                      [31m [0m
[31m [0m   [2m148 [0m[2m│   │   [0m[94mfor[0m f [95min[0m factories:                                                    [31m [0m
[31m [0m   [2m149 [0m[2m│   │   │   [0mnode_status[f[[33m"[0m[33mfactory_id[0m[33m"[0m]] = {                                   [31m [0m
[31m [0m   [2m150 [0m[2m│   │   │   │   [0m[33m"[0m[33mvoltage[0m[33m"[0m: f[[33m"[0m[33mbattery[0m[33m"[0m][[33m"[0m[33mvoltage[0m[33m"[0m],                            [31m [0m
[31m [0m [31m❱ [0m151 [2m│   │   │   │   [0m[33m"[0m[33mstatus[0m[33m"[0m: f[[33m"[0m[33mfault[0m[33m"[0m][[33m"[0m[33mclass[0m[33m"[0m]                                  [31m [0m
[31m [0m   [2m152 [0m[2m│   │   │   [0m}                                                                  [31m [0m
[31m [0m   [2m153 [0m[2m│   │   │   [0m[2m# For factories, their internal nodes are also monitored by the en[0m [31m [0m
[31m [0m   [2m154 [0m[2m│   │   │   [0m[2m# mapping them to the main status[0m                                  [31m [0m
[31m────────────────────────────────────────────────────────────────────────────────────────[0m
[1;91mKeyError: [0m[32m'class'[0m
[31m──[0m[31m────────────────────────[0m[31m [0m[1;31mTraceback [0m[1;2;31m(most recent call last)[0m[31m [0m[31m─────────────────────────[0m[31m──[0m
[31m [0m [2m/home/mersel/Documents/Projects/Weather/.venv/lib/python3.9/site-packages/streamlit/[0m [31m [0m
[31m [0m [2mruntime/scriptrunner/[0m[1mexec_code.py[0m:128 in exec_func_with_error_handling               [31m [0m
[31m [0m                                                                                      [31m [0m
[31m [0m [2m/home/mersel/Documents/Projects/Weather/.venv/lib/python3.9/site-packages/streamlit/[0m [31m [0m
[31m [0m [2mruntime/scriptrunner/[0m[1mscript_runner.py[0m:669 in code_to_exec                            [31m [0m
[31m [0m                                                                                      [31m [0m
[31m [0m [2m/home/mersel/Documents/Projects/Weather/[0m[1mmain.py[0m:16 in <module>                       [31m [0m
[31m [0m                                                                                      [31m [0m
[31m [0m   [2m13 [0m[2m│   [0mrender_dashboard()                                                          [31m [0m
[31m [0m   [2m14 [0m                                                                                [31m [0m
[31m [0m   [2m15 [0m[94mif[0m [91m__name__[0m == [33m"[0m[33m__main__[0m[33m"[0m:                                                      [31m [0m
[31m [0m [31m❱ [0m16 [2m│   [0mmain()                                                                      [31m [0m
[31m [0m   [2m17 [0m                                                                                [31m [0m
[31m [0m                                                                                      [31m [0m
[31m [0m [2m/home/mersel/Documents/Projects/Weather/[0m[1mmain.py[0m:13 in main                           [31m [0m
[31m [0m                                                                                      [31m [0m
[31m [0m   [2m10 [0m[94mdef[0m[90m [0m[92mmain[0m():                                                                     [31m [0m
[31m [0m   [2m11 [0m[2;90m│   [0m[33m"""Run the application."""[0m                                                  [31m [0m
[31m [0m   [2m12 [0m[2m│   [0minit_page_config()                                                          [31m [0m
[31m [0m [31m❱ [0m13 [2m│   [0mrender_dashboard()                                                          [31m [0m
[31m [0m   [2m14 [0m                                                                                [31m [0m
[31m [0m   [2m15 [0m[94mif[0m [91m__name__[0m == [33m"[0m[33m__main__[0m[33m"[0m:                                                      [31m [0m
[31m [0m   [2m16 [0m[2m│   [0mmain()                                                                      [31m [0m
[31m [0m                                                                                      [31m [0m
[31m [0m [2m/home/mersel/Documents/Projects/Weather/ui/[0m[1mdashboard.py[0m:109 in render_dashboard      [31m [0m
[31m [0m                                                                                      [31m [0m
[31m [0m   [2m106 [0m[2m│   [0m[94melif[0m page == [33m"[0m[33mWind AI Simulator[0m[33m"[0m:                                          [31m [0m
[31m [0m   [2m107 [0m[2m│   │   [0mrender_wind_simulation_page()                                          [31m [0m
[31m [0m   [2m108 [0m[2m│   [0m[94melse[0m:                                                                      [31m [0m
[31m [0m [31m❱ [0m109 [2m│   │   [0mrender_fault_detection_page()                                          [31m [0m
[31m [0m   [2m110 [0m                                                                               [31m [0m
[31m [0m   [2m111 [0m                                                                               [31m [0m
[31m [0m   [2m112 [0m[94mdef[0m[90m [0m[92mrender_map_page[0m():                                                         [31m [0m
[31m [0m                                                                                      [31m [0m
[31m [0m [2m/home/mersel/Documents/Projects/Weather/ui/[0m[1mfault_detection_page.py[0m:151 in            [31m [0m
[31m [0m render_fault_detection_page                                                          [31m [0m
[31m [0m                                                                                      [31m [0m
[31m [0m   [2m148 [0m[2m│   │   [0m[94mfor[0m f [95min[0m factories:                                                    [31m [0m
[31m [0m   [2m149 [0m[2m│   │   │   [0mnode_status[f[[33m"[0m[33mfactory_id[0m[33m"[0m]] = {                                   [31m [0m
[31m [0m   [2m150 [0m[2m│   │   │   │   [0m[33m"[0m[33mvoltage[0m[33m"[0m: f[[33m"[0m[33mbattery[0m[33m"[0m][[33m"[0m[33mvoltage[0m[33m"[0m],                            [31m [0m
[31m [0m [31m❱ [0m151 [2m│   │   │   │   [0m[33m"[0m[33mstatus[0m[33m"[0m: f[[33m"[0m[33mfault[0m[33m"[0m][[33m"[0m[33mclass[0m[33m"[0m]                                  [31m [0m
[31m [0m   [2m152 [0m[2m│   │   │   [0m}                                                                  [31m [0m
[31m [0m   [2m153 [0m[2m│   │   │   [0m[2m# For factories, their internal nodes are also monitored by the en[0m [31m [0m
[31m [0m   [2m154 [0m[2m│   │   │   [0m[2m# mapping them to the main status[0m                                  [31m [0m
[31m────────────────────────────────────────────────────────────────────────────────────────[0m
[1;91mKeyError: [0m[32m'class'[0m
[31m──[0m[31m────────────────────────[0m[31m [0m[1;31mTraceback [0m[1;2;31m(most recent call last)[0m[31m [0m[31m─────────────────────────[0m[31m──[0m
[31m [0m [2m/home/mersel/Documents/Projects/Weather/.venv/lib/python3.9/site-packages/streamlit/[0m [31m [0m
[31m [0m [2mruntime/scriptrunner/[0m[1mexec_code.py[0m:128 in exec_func_with_error_handling               [31m [0m
[31m [0m                                                                                      [31m [0m
[31m [0m [2m/home/mersel/Documents/Projects/Weather/.venv/lib/python3.9/site-packages/streamlit/[0m [31m [0m
[31m [0m [2mruntime/scriptrunner/[0m[1mscript_runner.py[0m:669 in code_to_exec                            [31m [0m
[31m [0m                                                                                      [31m [0m
[31m [0m [2m/home/mersel/Documents/Projects/Weather/[0m[1mmain.py[0m:16 in <module>                       [31m [0m
[31m [0m                                                                                      [31m [0m
[31m [0m   [2m13 [0m[2m│   [0mrender_dashboard()                                                          [31m [0m
[31m [0m   [2m14 [0m                                                                                [31m [0m
[31m [0m   [2m15 [0m[94mif[0m [91m__name__[0m == [33m"[0m[33m__main__[0m[33m"[0m:                                                      [31m [0m
[31m [0m [31m❱ [0m16 [2m│   [0mmain()                                                                      [31m [0m
[31m [0m   [2m17 [0m                                                                                [31m [0m
[31m [0m                                                                                      [31m [0m
[31m [0m [2m/home/mersel/Documents/Projects/Weather/[0m[1mmain.py[0m:13 in main                           [31m [0m
[31m [0m                                                                                      [31m [0m
[31m [0m   [2m10 [0m[94mdef[0m[90m [0m[92mmain[0m():                                                                     [31m [0m
[31m [0m   [2m11 [0m[2;90m│   [0m[33m"""Run the application."""[0m                                                  [31m [0m
[31m [0m   [2m12 [0m[2m│   [0minit_page_config()                                                          [31m [0m
[31m [0m [31m❱ [0m13 [2m│   [0mrender_dashboard()                                                          [31m [0m
[31m [0m   [2m14 [0m                                                                                [31m [0m
[31m [0m   [2m15 [0m[94mif[0m [91m__name__[0m == [33m"[0m[33m__main__[0m[33m"[0m:                                                      [31m [0m
[31m [0m   [2m16 [0m[2m│   [0mmain()                                                                      [31m [0m
[31m [0m                                                                                      [31m [0m
[31m [0m [2m/home/mersel/Documents/Projects/Weather/ui/[0m[1mdashboard.py[0m:109 in render_dashboard      [31m [0m
[31m [0m                                                                                      [31m [0m
[31m [0m   [2m106 [0m[2m│   [0m[94melif[0m page == [33m"[0m[33mWind AI Simulator[0m[33m"[0m:                                          [31m [0m
[31m [0m   [2m107 [0m[2m│   │   [0mrender_wind_simulation_page()                                          [31m [0m
[31m [0m   [2m108 [0m[2m│   [0m[94melse[0m:                                                                      [31m [0m
[31m [0m [31m❱ [0m109 [2m│   │   [0mrender_fault_detection_page()                                          [31m [0m
[31m [0m   [2m110 [0m                                                                               [31m [0m
[31m [0m   [2m111 [0m                                                                               [31m [0m
[31m [0m   [2m112 [0m[94mdef[0m[90m [0m[92mrender_map_page[0m():                                                         [31m [0m
[31m [0m                                                                                      [31m [0m
[31m [0m [2m/home/mersel/Documents/Projects/Weather/ui/[0m[1mfault_detection_page.py[0m:151 in            [31m [0m
[31m [0m render_fault_detection_page                                                          [31m [0m
[31m [0m                                                                                      [31m [0m
[31m [0m   [2m148 [0m[2m│   │   [0m[94mfor[0m f [95min[0m factories:                                                    [31m [0m
[31m [0m   [2m149 [0m[2m│   │   │   [0mnode_status[f[[33m"[0m[33mfactory_id[0m[33m"[0m]] = {                                   [31m [0m
[31m [0m   [2m150 [0m[2m│   │   │   │   [0m[33m"[0m[33mvoltage[0m[33m"[0m: f[[33m"[0m[33mbattery[0m[33m"[0m][[33m"[0m[33mvoltage[0m[33m"[0m],                            [31m [0m
[31m [0m [31m❱ [0m151 [2m│   │   │   │   [0m[33m"[0m[33mstatus[0m[33m"[0m: f[[33m"[0m[33mfault[0m[33m"[0m][[33m"[0m[33mclass[0m[33m"[0m]                                  [31m [0m
[31m [0m   [2m152 [0m[2m│   │   │   [0m}                                                                  [31m [0m
[31m [0m   [2m153 [0m[2m│   │   │   [0m[2m# For factories, their internal nodes are also monitored by the en[0m [31m [0m
[31m [0m   [2m154 [0m[2m│   │   │   [0m[2m# mapping them to the main status[0m                                  [31m [0m
[31m────────────────────────────────────────────────────────────────────────────────────────[0m
[1;91mKeyError: [0m[32m'class'[0m
[31m──[0m[31m────────────────────────[0m[31m [0m[1;31mTraceback [0m[1;2;31m(most recent call last)[0m[31m [0m[31m─────────────────────────[0m[31m──[0m
[31m [0m [2m/home/mersel/Documents/Projects/Weather/.venv/lib/python3.9/site-packages/streamlit/[0m [31m [0m
[31m [0m [2mruntime/scriptrunner/[0m[1mexec_code.py[0m:128 in exec_func_with_error_handling               [31m [0m
[31m [0m                                                                                      [31m [0m
[31m [0m [2m/home/mersel/Documents/Projects/Weather/.venv/lib/python3.9/site-packages/streamlit/[0m [31m [0m
[31m [0m [2mruntime/scriptrunner/[0m[1mscript_runner.py[0m:669 in code_to_exec                            [31m [0m
[31m [0m                                                                                      [31m [0m
[31m [0m [2m/home/mersel/Documents/Projects/Weather/[0m[1mmain.py[0m:16 in <module>                       [31m [0m
[31m [0m                                                                                      [31m [0m
[31m [0m   [2m13 [0m[2m│   [0mrender_dashboard()                                                          [31m [0m
[31m [0m   [2m14 [0m                                                                                [31m [0m
[31m [0m   [2m15 [0m[94mif[0m [91m__name__[0m == [33m"[0m[33m__main__[0m[33m"[0m:                                                      [31m [0m
[31m [0m [31m❱ [0m16 [2m│   [0mmain()                                                                      [31m [0m
[31m [0m   [2m17 [0m                                                                                [31m [0m
[31m [0m                                                                                      [31m [0m
[31m [0m [2m/home/mersel/Documents/Projects/Weather/[0m[1mmain.py[0m:13 in main                           [31m [0m
[31m [0m                                                                                      [31m [0m
[31m [0m   [2m10 [0m[94mdef[0m[90m [0m[92mmain[0m():                                                                     [31m [0m
[31m [0m   [2m11 [0m[2;90m│   [0m[33m"""Run the application."""[0m                                                  [31m [0m
[31m [0m   [2m12 [0m[2m│   [0minit_page_config()                                                          [31m [0m
[31m [0m [31m❱ [0m13 [2m│   [0mrender_dashboard()                                                          [31m [0m
[31m [0m   [2m14 [0m                                                                                [31m [0m
[31m [0m   [2m15 [0m[94mif[0m [91m__name__[0m == [33m"[0m[33m__main__[0m[33m"[0m:                                                      [31m [0m
[31m [0m   [2m16 [0m[2m│   [0mmain()                                                                      [31m [0m
[31m [0m                                                                                      [31m [0m
[31m [0m [2m/home/mersel/Documents/Projects/Weather/ui/[0m[1mdashboard.py[0m:109 in render_dashboard      [31m [0m
[31m [0m                                                                                      [31m [0m
[31m [0m   [2m106 [0m[2m│   [0m[94melif[0m page == [33m"[0m[33mWind AI Simulator[0m[33m"[0m:                                          [31m [0m
[31m [0m   [2m107 [0m[2m│   │   [0mrender_wind_simulation_page()                                          [31m [0m
[31m [0m   [2m108 [0m[2m│   [0m[94melse[0m:                                                                      [31m [0m
[31m [0m [31m❱ [0m109 [2m│   │   [0mrender_fault_detection_page()                                          [31m [0m
[31m [0m   [2m110 [0m                                                                               [31m [0m
[31m [0m   [2m111 [0m                                                                               [31m [0m
[31m [0m   [2m112 [0m[94mdef[0m[90m [0m[92mrender_map_page[0m():                                                         [31m [0m
[31m [0m                                                                                      [31m [0m
[31m [0m [2m/home/mersel/Documents/Projects/Weather/ui/[0m[1mfault_detection_page.py[0m:151 in            [31m [0m
[31m [0m render_fault_detection_page                                                          [31m [0m
[31m [0m                                                                                      [31m [0m
[31m [0m   [2m148 [0m[2m│   │   [0m[94mfor[0m f [95min[0m factories:                                                    [31m [0m
[31m [0m   [2m149 [0m[2m│   │   │   [0mnode_status[f[[33m"[0m[33mfactory_id[0m[33m"[0m]] = {                                   [31m [0m
[31m [0m   [2m150 [0m[2m│   │   │   │   [0m[33m"[0m[33mvoltage[0m[33m"[0m: f[[33m"[0m[33mbattery[0m[33m"[0m][[33m"[0m[33mvoltage[0m[33m"[0m],                            [31m [0m
[31m [0m [31m❱ [0m151 [2m│   │   │   │   [0m[33m"[0m[33mstatus[0m[33m"[0m: f[[33m"[0m[33mfault[0m[33m"[0m][[33m"[0m[33mclass[0m[33m"[0m]                                  [31m [0m
[31m [0m   [2m152 [0m[2m│   │   │   [0m}                                                                  [31m [0m
[31m [0m   [2m153 [0m[2m│   │   │   [0m[2m# For factories, their internal nodes are also monitored by the en[0m [31m [0m
[31m [0m   [2m154 [0m[2m│   │   │   [0m[2m# mapping them to the main status[0m                                  [31m [0m
[31m────────────────────────────────────────────────────────────────────────────────────────[0m
[1;91mKeyError: [0m[32m'class'[0m
[31m──[0m[31m────────────────────────[0m[31m [0m[1;31mTraceback [0m[1;2;31m(most recent call last)[0m[31m [0m[31m─────────────────────────[0m[31m──[0m
[31m [0m [2m/home/mersel/Documents/Projects/Weather/.venv/lib/python3.9/site-packages/streamlit/[0m [31m [0m
[31m [0m [2mruntime/scriptrunner/[0m[1mexec_code.py[0m:128 in exec_func_with_error_handling               [31m [0m
[31m [0m                                                                                      [31m [0m
[31m [0m [2m/home/mersel/Documents/Projects/Weather/.venv/lib/python3.9/site-packages/streamlit/[0m [31m [0m
[31m [0m [2mruntime/scriptrunner/[0m[1mscript_runner.py[0m:669 in code_to_exec                            [31m [0m
[31m [0m                                                                                      [31m [0m
[31m [0m [2m/home/mersel/Documents/Projects/Weather/[0m[1mmain.py[0m:16 in <module>                       [31m [0m
[31m [0m                                                                                      [31m [0m
[31m [0m   [2m13 [0m[2m│   [0mrender_dashboard()                                                          [31m [0m
[31m [0m   [2m14 [0m                                                                                [31m [0m
[31m [0m   [2m15 [0m[94mif[0m [91m__name__[0m == [33m"[0m[33m__main__[0m[33m"[0m:                                                      [31m [0m
[31m [0m [31m❱ [0m16 [2m│   [0mmain()                                                                      [31m [0m
[31m [0m   [2m17 [0m                                                                                [31m [0m
[31m [0m                                                                                      [31m [0m
[31m [0m [2m/home/mersel/Documents/Projects/Weather/[0m[1mmain.py[0m:13 in main                           [31m [0m
[31m [0m                                                                                      [31m [0m
[31m [0m   [2m10 [0m[94mdef[0m[90m [0m[92mmain[0m():                                                                     [31m [0m
[31m [0m   [2m11 [0m[2;90m│   [0m[33m"""Run the application."""[0m                                                  [31m [0m
[31m [0m   [2m12 [0m[2m│   [0minit_page_config()                                                          [31m [0m
[31m [0m [31m❱ [0m13 [2m│   [0mrender_dashboard()                                                          [31m [0m
[31m [0m   [2m14 [0m                                                                                [31m [0m
[31m [0m   [2m15 [0m[94mif[0m [91m__name__[0m == [33m"[0m[33m__main__[0m[33m"[0m:                                                      [31m [0m
[31m [0m   [2m16 [0m[2m│   [0mmain()                                                                      [31m [0m
[31m [0m                                                                                      [31m [0m
[31m [0m [2m/home/mersel/Documents/Projects/Weather/ui/[0m[1mdashboard.py[0m:109 in render_dashboard      [31m [0m
[31m [0m                                                                                      [31m [0m
[31m [0m   [2m106 [0m[2m│   [0m[94melif[0m page == [33m"[0m[33mWind AI Simulator[0m[33m"[0m:                                          [31m [0m
[31m [0m   [2m107 [0m[2m│   │   [0mrender_wind_simulation_page()                                          [31m [0m
[31m [0m   [2m108 [0m[2m│   [0m[94melse[0m:                                                                      [31m [0m
[31m [0m [31m❱ [0m109 [2m│   │   [0mrender_fault_detection_page()                                          [31m [0m
[31m [0m   [2m110 [0m                                                                               [31m [0m
[31m [0m   [2m111 [0m                                                                               [31m [0m
[31m [0m   [2m112 [0m[94mdef[0m[90m [0m[92mrender_map_page[0m():                                                         [31m [0m
[31m [0m                                                                                      [31m [0m
[31m [0m [2m/home/mersel/Documents/Projects/Weather/ui/[0m[1mfault_detection_page.py[0m:151 in            [31m [0m
[31m [0m render_fault_detection_page                                                          [31m [0m
[31m [0m                                                                                      [31m [0m
[31m [0m   [2m148 [0m[2m│   │   [0m[94mfor[0m f [95min[0m factories:                                                    [31m [0m
[31m [0m   [2m149 [0m[2m│   │   │   [0mnode_status[f[[33m"[0m[33mfactory_id[0m[33m"[0m]] = {                                   [31m [0m
[31m [0m   [2m150 [0m[2m│   │   │   │   [0m[33m"[0m[33mvoltage[0m[33m"[0m: f[[33m"[0m[33mbattery[0m[33m"[0m][[33m"[0m[33mvoltage[0m[33m"[0m],                            [31m [0m
[31m [0m [31m❱ [0m151 [2m│   │   │   │   [0m[33m"[0m[33mstatus[0m[33m"[0m: f[[33m"[0m[33mfault[0m[33m"[0m][[33m"[0m[33mclass[0m[33m"[0m]                                  [31m [0m
[31m [0m   [2m152 [0m[2m│   │   │   [0m}                                                                  [31m [0m
[31m [0m   [2m153 [0m[2m│   │   │   [0m[2m# For factories, their internal nodes are also monitored by the en[0m [31m [0m
[31m [0m   [2m154 [0m[2m│   │   │   [0m[2m# mapping them to the main status[0m                                  [31m [0m
[31m────────────────────────────────────────────────────────────────────────────────────────[0m
[1;91mKeyError: [0m[32m'class'[0m
/home/mersel/Documents/Projects/Weather/core/simulation/generator.py:154: FutureWarning:

Series.fillna with 'method' is deprecated and will raise in a future version. Use obj.ffill() or obj.bfill() instead.

/home/mersel/Documents/Projects/Weather/core/simulation/generator.py:154: FutureWarning:

Series.fillna with 'method' is deprecated and will raise in a future version. Use obj.ffill() or obj.bfill() instead.

/home/mersel/Documents/Projects/Weather/core/simulation/generator.py:154: FutureWarning:

Series.fillna with 'method' is deprecated and will raise in a future version. Use obj.ffill() or obj.bfill() instead.

/home/mersel/Documents/Projects/Weather/core/simulation/generator.py:154: FutureWarning:

Series.fillna with 'method' is deprecated and will raise in a future version. Use obj.ffill() or obj.bfill() instead.

/home/mersel/Documents/Projects/Weather/core/simulation/generator.py:154: FutureWarning:

Series.fillna with 'method' is deprecated and will raise in a future version. Use obj.ffill() or obj.bfill() instead.

[31m──[0m[31m────────────────────────[0m[31m [0m[1;31mTraceback [0m[1;2;31m(most recent call last)[0m[31m [0m[31m─────────────────────────[0m[31m──[0m
[31m [0m [2m/home/mersel/Documents/Projects/Weather/.venv/lib/python3.9/site-packages/streamlit/[0m [31m [0m
[31m [0m [2mruntime/scriptrunner/[0m[1mexec_code.py[0m:128 in exec_func_with_error_handling               [31m [0m
[31m [0m                                                                                      [31m [0m
[31m [0m [2m/home/mersel/Documents/Projects/Weather/.venv/lib/python3.9/site-packages/streamlit/[0m [31m [0m
[31m [0m [2mruntime/scriptrunner/[0m[1mscript_runner.py[0m:669 in code_to_exec                            [31m [0m
[31m [0m                                                                                      [31m [0m
[31m [0m [2m/home/mersel/Documents/Projects/Weather/[0m[1mmain.py[0m:16 in <module>                       [31m [0m
[31m [0m                                                                                      [31m [0m
[31m [0m   [2m13 [0m[2m│   [0mrender_dashboard()                                                          [31m [0m
[31m [0m   [2m14 [0m                                                                                [31m [0m
[31m [0m   [2m15 [0m[94mif[0m [91m__name__[0m == [33m"[0m[33m__main__[0m[33m"[0m:                                                      [31m [0m
[31m [0m [31m❱ [0m16 [2m│   [0mmain()                                                                      [31m [0m
[31m [0m   [2m17 [0m                                                                                [31m [0m
[31m [0m                                                                                      [31m [0m
[31m [0m [2m/home/mersel/Documents/Projects/Weather/[0m[1mmain.py[0m:13 in main                           [31m [0m
[31m [0m                                                                                      [31m [0m
[31m [0m   [2m10 [0m[94mdef[0m[90m [0m[92mmain[0m():                                                                     [31m [0m
[31m [0m   [2m11 [0m[2;90m│   [0m[33m"""Run the application."""[0m                                                  [31m [0m
[31m [0m   [2m12 [0m[2m│   [0minit_page_config()                                                          [31m [0m
[31m [0m [31m❱ [0m13 [2m│   [0mrender_dashboard()                                                          [31m [0m
[31m [0m   [2m14 [0m                                                                                [31m [0m
[31m [0m   [2m15 [0m[94mif[0m [91m__name__[0m == [33m"[0m[33m__main__[0m[33m"[0m:                                                      [31m [0m
[31m [0m   [2m16 [0m[2m│   [0mmain()                                                                      [31m [0m
[31m [0m                                                                                      [31m [0m
[31m [0m [2m/home/mersel/Documents/Projects/Weather/ui/[0m[1mdashboard.py[0m:105 in render_dashboard      [31m [0m
[31m [0m                                                                                      [31m [0m
[31m [0m   [2m102 [0m[2m│   [0m[94mif[0m page == [33m"[0m[33mMap Overview[0m[33m"[0m:                                                 [31m [0m
[31m [0m   [2m103 [0m[2m│   │   [0mrender_map_page()                                                      [31m [0m
[31m [0m   [2m104 [0m[2m│   [0m[94melif[0m page == [33m"[0m[33mSolar AI Simulator[0m[33m"[0m:                                         [31m [0m
[31m [0m [31m❱ [0m105 [2m│   │   [0mrender_simulation_page()                                               [31m [0m
[31m [0m   [2m106 [0m[2m│   [0m[94melif[0m page == [33m"[0m[33mWind AI Simulator[0m[33m"[0m:                                          [31m [0m
[31m [0m   [2m107 [0m[2m│   │   [0mrender_wind_simulation_page()                                          [31m [0m
[31m [0m   [2m108 [0m[2m│   [0m[94melse[0m:                                                                      [31m [0m
[31m [0m                                                                                      [31m [0m
[31m [0m [2m/home/mersel/Documents/Projects/Weather/ui/[0m[1mdashboard.py[0m:234 in                       [31m [0m
[31m [0m render_simulation_page                                                               [31m [0m
[31m [0m                                                                                      [31m [0m
[31m [0m   [2m231 [0m[2m│   │   │   │   [0mst.metric([33m"[0m[33mModel MAE (Mean Absolute Error)[0m[33m"[0m, [33mf[0m[33m"[0m[33m{[0mmae[33m:[0m[33m.2f[0m[33m}[0m[33m kW[0m[33m"[0m)  [31m [0m
[31m [0m   [2m232 [0m[2m│   │   │   [0m[94melse[0m:                                                              [31m [0m
[31m [0m   [2m233 [0m[2m│   │   │   │   [0mst.warning([33m"[0m[33mCould not reach AI API. Using simulation data only[0m [31m [0m
[31m [0m [31m❱ [0m234 [2m│   │   │   │   [0mst.line_chart(df.set_index([33m'[0m[33mtimestamp[0m[33m'[0m)[[[33m'[0m[33mtheoretical_power[0m[33m'[0m,  [31m [0m
[31m [0m   [2m235 [0m                                                                               [31m [0m
[31m [0m   [2m236 [0m                                                                               [31m [0m
[31m [0m   [2m237 [0m[94mdef[0m[90m [0m[92mrender_wind_simulation_page[0m():                                             [31m [0m
[31m [0m                                                                                      [31m [0m
[31m [0m [2m/home/mersel/Documents/Projects/Weather/.venv/lib/python3.9/site-packages/pandas/cor[0m [31m [0m
[31m [0m [2me/[0m[1mframe.py[0m:4119 in __getitem__                                                       [31m [0m
[31m [0m                                                                                      [31m [0m
[31m [0m   [2m 4116 [0m[2m│   │   [0m[94melse[0m:                                                                [31m [0m
[31m [0m   [2m 4117 [0m[2m│   │   │   [0m[94mif[0m is_iterator(key):                                             [31m [0m
[31m [0m   [2m 4118 [0m[2m│   │   │   │   [0mkey = [96mlist[0m(key)                                              [31m [0m
[31m [0m [31m❱ [0m 4119 [2m│   │   │   [0mindexer = [96mself[0m.columns._get_indexer_strict(key, [33m"[0m[33mcolumns[0m[33m"[0m)[[94m1[0m]    [31m [0m
[31m [0m   [2m 4120 [0m[2m│   │   [0m                                                                     [31m [0m
[31m [0m   [2m 4121 [0m[2m│   │   [0m[2m# take() does not accept boolean indexers[0m                            [31m [0m
[31m [0m   [2m 4122 [0m[2m│   │   [0m[94mif[0m [96mgetattr[0m(indexer, [33m"[0m[33mdtype[0m[33m"[0m, [94mNone[0m) == [96mbool[0m:                          [31m [0m
[31m [0m                                                                                      [31m [0m
[31m [0m [2m/home/mersel/Documents/Projects/Weather/.venv/lib/python3.9/site-packages/pandas/cor[0m [31m [0m
[31m [0m [2me/indexes/[0m[1mbase.py[0m:6212 in _get_indexer_strict                                        [31m [0m
[31m [0m                                                                                      [31m [0m
[31m [0m   [2m6209 [0m[2m│   │   [0m[94melse[0m:                                                                 [31m [0m
[31m [0m   [2m6210 [0m[2m│   │   │   [0mkeyarr, indexer, new_indexer = [96mself[0m._reindex_non_unique(keyarr)   [31m [0m
[31m [0m   [2m6211 [0m[2m│   │   [0m                                                                      [31m [0m
[31m [0m [31m❱ [0m6212 [2m│   │   [0m[96mself[0m._raise_if_missing(keyarr, indexer, axis_name)                    [31m [0m
[31m [0m   [2m6213 [0m[2m│   │   [0m                                                                      [31m [0m
[31m [0m   [2m6214 [0m[2m│   │   [0mkeyarr = [96mself[0m.take(indexer)                                           [31m [0m
[31m [0m   [2m6215 [0m[2m│   │   [0m[94mif[0m [96misinstance[0m(key, Index):                                            [31m [0m
[31m [0m                                                                                      [31m [0m
[31m [0m [2m/home/mersel/Documents/Projects/Weather/.venv/lib/python3.9/site-packages/pandas/cor[0m [31m [0m
[31m [0m [2me/indexes/[0m[1mbase.py[0m:6264 in _raise_if_missing                                          [31m [0m
[31m [0m                                                                                      [31m [0m
[31m [0m   [2m6261 [0m[2m│   │   │   │   [0m[94mraise[0m [96mKeyError[0m([33mf[0m[33m"[0m[33mNone of [[0m[33m{[0mkey[33m}[0m[33m] are in the [[0m[33m{[0maxis_name[33m}[0m[33m][0m[33m"[0m)   [31m [0m
[31m [0m   [2m6262 [0m[2m│   │   │   [0m                                                                  [31m [0m
[31m [0m   [2m6263 [0m[2m│   │   │   [0mnot_found = [96mlist[0m(ensure_index(key)[missing_mask.nonzero()[[94m0[0m]].uni [31m [0m
[31m [0m [31m❱ [0m6264 [2m│   │   │   [0m[94mraise[0m [96mKeyError[0m([33mf[0m[33m"[0m[33m{[0mnot_found[33m}[0m[33m not in index[0m[33m"[0m)                       [31m [0m
[31m [0m   [2m6265 [0m[2m│   [0m                                                                          [31m [0m
[31m [0m   [2m6266 [0m[2m│   [0m[1;95m@overload[0m                                                                 [31m [0m
[31m [0m   [2m6267 [0m[2m│   [0m[94mdef[0m[90m [0m[92m_get_indexer_non_comparable[0m(                                          [31m [0m
[31m────────────────────────────────────────────────────────────────────────────────────────[0m
[1;91mKeyError: [0m[32m"[0m[32m[[0m[32m'theoretical_power'[0m[32m][0m[32m not in index"[0m
